0 info it worked if it ends with ok
1 verbose cli [ '/usr/bin/node', '/usr/bin/npm', 'install', 'react-bootstrap' ]
2 info using npm@3.5.2
3 info using node@v8.10.0
4 silly loadCurrentTree Starting
5 silly install loadCurrentTree
6 silly install readLocalPackageData
7 silly fetchPackageMetaData react-bootstrap
8 silly fetchNamedPackageData react-bootstrap
9 silly mapToRegistry name react-bootstrap
10 silly mapToRegistry using default registry
11 silly mapToRegistry registry https://registry.npmjs.org/
12 silly mapToRegistry uri https://registry.npmjs.org/react-bootstrap
13 verbose request uri https://registry.npmjs.org/react-bootstrap
14 verbose request no auth needed
15 info attempt registry request try #1 at 7:00:54 PM
16 verbose request id 1565df52c717b93b
17 verbose etag W/"74caf8d1aba382498fb298f3c1fbdcd8"
18 verbose lastModified Fri, 26 Aug 2022 04:19:11 GMT
19 http request GET https://registry.npmjs.org/react-bootstrap
20 http 304 https://registry.npmjs.org/react-bootstrap
21 verbose headers { date: 'Fri, 14 Oct 2022 16:01:10 GMT',
21 verbose headers   connection: 'keep-alive',
21 verbose headers   'cf-ray': '75a188397829721c-IST',
21 verbose headers   age: '168',
21 verbose headers   'cache-control': 'public, max-age=300',
21 verbose headers   etag: '"74caf8d1aba382498fb298f3c1fbdcd8"',
21 verbose headers   'last-modified': 'Fri, 26 Aug 2022 04:19:11 GMT',
21 verbose headers   vary: 'Accept-Encoding',
21 verbose headers   'cf-cache-status': 'HIT',
21 verbose headers   'x-amz-replication-status': 'COMPLETED',
21 verbose headers   server: 'cloudflare' }
22 silly get cb [ 304,
22 silly get   { date: 'Fri, 14 Oct 2022 16:01:10 GMT',
22 silly get     connection: 'keep-alive',
22 silly get     'cf-ray': '75a188397829721c-IST',
22 silly get     age: '168',
22 silly get     'cache-control': 'public, max-age=300',
22 silly get     etag: '"74caf8d1aba382498fb298f3c1fbdcd8"',
22 silly get     'last-modified': 'Fri, 26 Aug 2022 04:19:11 GMT',
22 silly get     vary: 'Accept-Encoding',
22 silly get     'cf-cache-status': 'HIT',
22 silly get     'x-amz-replication-status': 'COMPLETED',
22 silly get     server: 'cloudflare' } ]
23 verbose etag https://registry.npmjs.org/react-bootstrap from cache
24 verbose get saving react-bootstrap to /home/ahmet/.npm/registry.npmjs.org/react-bootstrap/.cache.json
25 silly install normalizeTree
26 silly loadCurrentTree Finishing
27 silly loadIdealTree Starting
28 silly install loadIdealTree
29 silly cloneCurrentTree Starting
30 silly install cloneCurrentTreeToIdealTree
31 silly cloneCurrentTree Finishing
32 silly loadShrinkwrap Starting
33 silly install loadShrinkwrap
34 silly loadShrinkwrap Finishing
35 silly loadAllDepsIntoIdealTree Starting
36 silly install loadAllDepsIntoIdealTree
37 silly resolveWithNewModule react-bootstrap@2.5.0 checking installable status
38 silly cache add args [ 'react-bootstrap', null ]
39 verbose cache add spec react-bootstrap
40 silly cache add parsed spec Result {
40 silly cache add   raw: 'react-bootstrap',
40 silly cache add   scope: null,
40 silly cache add   name: 'react-bootstrap',
40 silly cache add   rawSpec: '',
40 silly cache add   spec: 'latest',
40 silly cache add   type: 'tag' }
41 silly addNamed react-bootstrap@latest
42 verbose addNamed "latest" is being treated as a dist-tag for react-bootstrap
43 info addNameTag [ 'react-bootstrap', 'latest' ]
44 silly mapToRegistry name react-bootstrap
45 silly mapToRegistry using default registry
46 silly mapToRegistry registry https://registry.npmjs.org/
47 silly mapToRegistry uri https://registry.npmjs.org/react-bootstrap
48 verbose addNameTag registry:https://registry.npmjs.org/react-bootstrap not in flight; fetching
49 verbose get https://registry.npmjs.org/react-bootstrap not expired, no request
50 silly addNameTag next cb for react-bootstrap with tag latest
51 silly addNamed react-bootstrap@2.5.0
52 verbose addNamed "2.5.0" is a plain semver version for react-bootstrap
53 silly cache afterAdd react-bootstrap@2.5.0
54 verbose afterAdd /home/ahmet/.npm/react-bootstrap/2.5.0/package/package.json not in flight; writing
55 verbose afterAdd /home/ahmet/.npm/react-bootstrap/2.5.0/package/package.json written
56 silly fetchNamedPackageData @babel/runtime
57 silly mapToRegistry name @babel/runtime
58 silly mapToRegistry scope (from package name) @babel
59 verbose mapToRegistry no registry URL found in name for scope @babel
60 silly mapToRegistry using default registry
61 silly mapToRegistry registry https://registry.npmjs.org/
62 silly mapToRegistry uri https://registry.npmjs.org/@babel%2fruntime
63 silly fetchNamedPackageData @restart/hooks
64 silly mapToRegistry name @restart/hooks
65 silly mapToRegistry scope (from package name) @restart
66 verbose mapToRegistry no registry URL found in name for scope @restart
67 silly mapToRegistry using default registry
68 silly mapToRegistry registry https://registry.npmjs.org/
69 silly mapToRegistry uri https://registry.npmjs.org/@restart%2fhooks
70 silly fetchNamedPackageData @restart/ui
71 silly mapToRegistry name @restart/ui
72 silly mapToRegistry scope (from package name) @restart
73 verbose mapToRegistry no registry URL found in name for scope @restart
74 silly mapToRegistry using default registry
75 silly mapToRegistry registry https://registry.npmjs.org/
76 silly mapToRegistry uri https://registry.npmjs.org/@restart%2fui
77 silly fetchNamedPackageData @types/react-transition-group
78 silly mapToRegistry name @types/react-transition-group
79 silly mapToRegistry scope (from package name) @types
80 verbose mapToRegistry no registry URL found in name for scope @types
81 silly mapToRegistry using default registry
82 silly mapToRegistry registry https://registry.npmjs.org/
83 silly mapToRegistry uri https://registry.npmjs.org/@types%2freact-transition-group
84 silly fetchNamedPackageData classnames
85 silly mapToRegistry name classnames
86 silly mapToRegistry using default registry
87 silly mapToRegistry registry https://registry.npmjs.org/
88 silly mapToRegistry uri https://registry.npmjs.org/classnames
89 silly fetchNamedPackageData dom-helpers
90 silly mapToRegistry name dom-helpers
91 silly mapToRegistry using default registry
92 silly mapToRegistry registry https://registry.npmjs.org/
93 silly mapToRegistry uri https://registry.npmjs.org/dom-helpers
94 silly fetchNamedPackageData invariant
95 silly mapToRegistry name invariant
96 silly mapToRegistry using default registry
97 silly mapToRegistry registry https://registry.npmjs.org/
98 silly mapToRegistry uri https://registry.npmjs.org/invariant
99 silly fetchNamedPackageData prop-types
100 silly mapToRegistry name prop-types
101 silly mapToRegistry using default registry
102 silly mapToRegistry registry https://registry.npmjs.org/
103 silly mapToRegistry uri https://registry.npmjs.org/prop-types
104 silly fetchNamedPackageData prop-types-extra
105 silly mapToRegistry name prop-types-extra
106 silly mapToRegistry using default registry
107 silly mapToRegistry registry https://registry.npmjs.org/
108 silly mapToRegistry uri https://registry.npmjs.org/prop-types-extra
109 silly fetchNamedPackageData react-transition-group
110 silly mapToRegistry name react-transition-group
111 silly mapToRegistry using default registry
112 silly mapToRegistry registry https://registry.npmjs.org/
113 silly mapToRegistry uri https://registry.npmjs.org/react-transition-group
114 silly fetchNamedPackageData uncontrollable
115 silly mapToRegistry name uncontrollable
116 silly mapToRegistry using default registry
117 silly mapToRegistry registry https://registry.npmjs.org/
118 silly mapToRegistry uri https://registry.npmjs.org/uncontrollable
119 silly fetchNamedPackageData warning
120 silly mapToRegistry name warning
121 silly mapToRegistry using default registry
122 silly mapToRegistry registry https://registry.npmjs.org/
123 silly mapToRegistry uri https://registry.npmjs.org/warning
124 verbose request uri https://registry.npmjs.org/warning
125 verbose request no auth needed
126 info attempt registry request try #1 at 7:01:11 PM
127 http request GET https://registry.npmjs.org/warning
128 verbose request uri https://registry.npmjs.org/@restart%2fhooks
129 verbose request no auth needed
130 info attempt registry request try #1 at 7:01:11 PM
131 verbose etag W/"2aa81c0b21e4e7e69d5d93846aa95ef1"
132 verbose lastModified Wed, 27 Apr 2022 19:24:02 GMT
133 http request GET https://registry.npmjs.org/@restart%2fhooks
134 verbose request uri https://registry.npmjs.org/@restart%2fui
135 verbose request no auth needed
136 info attempt registry request try #1 at 7:01:11 PM
137 verbose etag W/"7227d96fef53804d90386940c081e162"
138 verbose lastModified Mon, 05 Sep 2022 20:54:33 GMT
139 http request GET https://registry.npmjs.org/@restart%2fui
140 verbose request uri https://registry.npmjs.org/@types%2freact-transition-group
141 verbose request no auth needed
142 info attempt registry request try #1 at 7:01:11 PM
143 verbose etag W/"bf746ac73985b9cc9b62c923b3d7352b"
144 verbose lastModified Mon, 15 Aug 2022 08:31:16 GMT
145 http request GET https://registry.npmjs.org/@types%2freact-transition-group
146 verbose request uri https://registry.npmjs.org/classnames
147 verbose request no auth needed
148 info attempt registry request try #1 at 7:01:11 PM
149 verbose etag W/"ad6a3fc7f5f5c9769177e93bd1a07307"
150 verbose lastModified Tue, 13 Sep 2022 06:34:49 GMT
151 http request GET https://registry.npmjs.org/classnames
152 verbose request uri https://registry.npmjs.org/dom-helpers
153 verbose request no auth needed
154 info attempt registry request try #1 at 7:01:11 PM
155 verbose etag W/"663a96c785538bdb06a6e192643f7b85"
156 verbose lastModified Wed, 15 Jun 2022 21:13:02 GMT
157 http request GET https://registry.npmjs.org/dom-helpers
158 verbose request uri https://registry.npmjs.org/invariant
159 verbose request no auth needed
160 info attempt registry request try #1 at 7:01:11 PM
161 verbose etag W/"8750b8b8d890d46cdf80673001106ae2"
162 verbose lastModified Sun, 19 Jun 2022 01:53:50 GMT
163 http request GET https://registry.npmjs.org/invariant
164 verbose request uri https://registry.npmjs.org/prop-types
165 verbose request no auth needed
166 info attempt registry request try #1 at 7:01:11 PM
167 verbose etag W/"bf00cf70a1d426e215cfd5eb1062c136"
168 verbose lastModified Fri, 24 Jun 2022 20:04:34 GMT
169 http request GET https://registry.npmjs.org/prop-types
170 verbose request uri https://registry.npmjs.org/prop-types-extra
171 verbose request no auth needed
172 info attempt registry request try #1 at 7:01:11 PM
173 verbose etag W/"162089cb8c7940f105fb02505e17b5f2"
174 verbose lastModified Fri, 24 Jun 2022 20:05:04 GMT
175 http request GET https://registry.npmjs.org/prop-types-extra
176 verbose request uri https://registry.npmjs.org/react-transition-group
177 verbose request no auth needed
178 info attempt registry request try #1 at 7:01:11 PM
179 verbose etag W/"2e3f6a6aecbfacde27afd61d93d4bcc3"
180 verbose lastModified Mon, 01 Aug 2022 08:37:00 GMT
181 http request GET https://registry.npmjs.org/react-transition-group
182 verbose request uri https://registry.npmjs.org/uncontrollable
183 verbose request no auth needed
184 info attempt registry request try #1 at 7:01:11 PM
185 verbose etag W/"b45dd08a54b1942bc109fc3f1fab809a"
186 verbose lastModified Tue, 28 Jun 2022 04:00:19 GMT
187 http request GET https://registry.npmjs.org/uncontrollable
188 verbose request uri https://registry.npmjs.org/@babel%2fruntime
189 verbose request no auth needed
190 info attempt registry request try #1 at 7:01:11 PM
191 verbose etag W/"fe43aaedefcf11c31b15c2a20eade1c0"
192 verbose lastModified Mon, 10 Oct 2022 10:47:23 GMT
193 http request GET https://registry.npmjs.org/@babel%2fruntime
194 info retry will retry, error on last attempt: Error: self signed certificate in certificate chain
195 http 304 https://registry.npmjs.org/dom-helpers
196 verbose headers { date: 'Fri, 14 Oct 2022 16:01:22 GMT',
196 verbose headers   connection: 'keep-alive',
196 verbose headers   'cf-ray': '75a18883a92f5189-IST',
196 verbose headers   age: '64',
196 verbose headers   'cache-control': 'public, max-age=300',
196 verbose headers   etag: '"663a96c785538bdb06a6e192643f7b85"',
196 verbose headers   'last-modified': 'Wed, 15 Jun 2022 21:13:02 GMT',
196 verbose headers   vary: 'Accept-Encoding',
196 verbose headers   'cf-cache-status': 'HIT',
196 verbose headers   'x-amz-replication-status': 'COMPLETED',
196 verbose headers   server: 'cloudflare' }
197 silly get cb [ 304,
197 silly get   { date: 'Fri, 14 Oct 2022 16:01:22 GMT',
197 silly get     connection: 'keep-alive',
197 silly get     'cf-ray': '75a18883a92f5189-IST',
197 silly get     age: '64',
197 silly get     'cache-control': 'public, max-age=300',
197 silly get     etag: '"663a96c785538bdb06a6e192643f7b85"',
197 silly get     'last-modified': 'Wed, 15 Jun 2022 21:13:02 GMT',
197 silly get     vary: 'Accept-Encoding',
197 silly get     'cf-cache-status': 'HIT',
197 silly get     'x-amz-replication-status': 'COMPLETED',
197 silly get     server: 'cloudflare' } ]
198 verbose etag https://registry.npmjs.org/dom-helpers from cache
199 verbose get saving dom-helpers to /home/ahmet/.npm/registry.npmjs.org/dom-helpers/.cache.json
200 info attempt registry request try #2 at 7:01:27 PM
201 verbose etag W/"ad6a3fc7f5f5c9769177e93bd1a07307"
202 verbose lastModified Tue, 13 Sep 2022 06:34:49 GMT
203 http request GET https://registry.npmjs.org/classnames
204 http 304 https://registry.npmjs.org/classnames
205 verbose headers { date: 'Fri, 14 Oct 2022 16:01:27 GMT',
205 verbose headers   connection: 'keep-alive',
205 verbose headers   'cf-ray': '75a188a3f96e721c-IST',
205 verbose headers   age: '80',
205 verbose headers   'cache-control': 'public, max-age=300',
205 verbose headers   etag: '"ad6a3fc7f5f5c9769177e93bd1a07307"',
205 verbose headers   'last-modified': 'Tue, 13 Sep 2022 06:34:49 GMT',
205 verbose headers   vary: 'Accept-Encoding',
205 verbose headers   'cf-cache-status': 'HIT',
205 verbose headers   'x-amz-replication-status': 'COMPLETED',
205 verbose headers   server: 'cloudflare' }
206 silly get cb [ 304,
206 silly get   { date: 'Fri, 14 Oct 2022 16:01:27 GMT',
206 silly get     connection: 'keep-alive',
206 silly get     'cf-ray': '75a188a3f96e721c-IST',
206 silly get     age: '80',
206 silly get     'cache-control': 'public, max-age=300',
206 silly get     etag: '"ad6a3fc7f5f5c9769177e93bd1a07307"',
206 silly get     'last-modified': 'Tue, 13 Sep 2022 06:34:49 GMT',
206 silly get     vary: 'Accept-Encoding',
206 silly get     'cf-cache-status': 'HIT',
206 silly get     'x-amz-replication-status': 'COMPLETED',
206 silly get     server: 'cloudflare' } ]
207 verbose etag https://registry.npmjs.org/classnames from cache
208 verbose get saving classnames to /home/ahmet/.npm/registry.npmjs.org/classnames/.cache.json
209 info retry will retry, error on last attempt: Error: self signed certificate in certificate chain
210 info retry will retry, error on last attempt: Error: self signed certificate in certificate chain
211 http 304 https://registry.npmjs.org/@restart%2fui
212 verbose headers { date: 'Fri, 14 Oct 2022 16:01:28 GMT',
212 verbose headers   connection: 'keep-alive',
212 verbose headers   'cf-ray': '75a188a50925721e-IST',
212 verbose headers   age: '70',
212 verbose headers   'cache-control': 'public, max-age=300',
212 verbose headers   etag: '"7227d96fef53804d90386940c081e162"',
212 verbose headers   'last-modified': 'Mon, 05 Sep 2022 20:54:33 GMT',
212 verbose headers   vary: 'Accept-Encoding',
212 verbose headers   'cf-cache-status': 'HIT',
212 verbose headers   'x-amz-replication-status': 'COMPLETED',
212 verbose headers   server: 'cloudflare' }
213 silly get cb [ 304,
213 silly get   { date: 'Fri, 14 Oct 2022 16:01:28 GMT',
213 silly get     connection: 'keep-alive',
213 silly get     'cf-ray': '75a188a50925721e-IST',
213 silly get     age: '70',
213 silly get     'cache-control': 'public, max-age=300',
213 silly get     etag: '"7227d96fef53804d90386940c081e162"',
213 silly get     'last-modified': 'Mon, 05 Sep 2022 20:54:33 GMT',
213 silly get     vary: 'Accept-Encoding',
213 silly get     'cf-cache-status': 'HIT',
213 silly get     'x-amz-replication-status': 'COMPLETED',
213 silly get     server: 'cloudflare' } ]
214 verbose etag https://registry.npmjs.org/@restart%2fui from cache
215 verbose get saving @restart/ui to /home/ahmet/.npm/registry.npmjs.org/_40restart_252fui/.cache.json
216 http 304 https://registry.npmjs.org/@restart%2fhooks
217 verbose headers { date: 'Fri, 14 Oct 2022 16:01:28 GMT',
217 verbose headers   connection: 'keep-alive',
217 verbose headers   'cf-ray': '75a188a7ec88725a-IST',
217 verbose headers   age: '86',
217 verbose headers   'cache-control': 'public, max-age=300',
217 verbose headers   etag: '"2aa81c0b21e4e7e69d5d93846aa95ef1"',
217 verbose headers   'last-modified': 'Wed, 27 Apr 2022 19:24:02 GMT',
217 verbose headers   vary: 'Accept-Encoding',
217 verbose headers   'cf-cache-status': 'HIT',
217 verbose headers   'x-amz-replication-status': 'COMPLETED',
217 verbose headers   server: 'cloudflare' }
218 silly get cb [ 304,
218 silly get   { date: 'Fri, 14 Oct 2022 16:01:28 GMT',
218 silly get     connection: 'keep-alive',
218 silly get     'cf-ray': '75a188a7ec88725a-IST',
218 silly get     age: '86',
218 silly get     'cache-control': 'public, max-age=300',
218 silly get     etag: '"2aa81c0b21e4e7e69d5d93846aa95ef1"',
218 silly get     'last-modified': 'Wed, 27 Apr 2022 19:24:02 GMT',
218 silly get     vary: 'Accept-Encoding',
218 silly get     'cf-cache-status': 'HIT',
218 silly get     'x-amz-replication-status': 'COMPLETED',
218 silly get     server: 'cloudflare' } ]
219 verbose etag https://registry.npmjs.org/@restart%2fhooks from cache
220 verbose get saving @restart/hooks to /home/ahmet/.npm/registry.npmjs.org/_40restart_252fhooks/.cache.json
221 http 200 https://registry.npmjs.org/warning
222 verbose headers { date: 'Fri, 14 Oct 2022 16:01:11 GMT',
222 verbose headers   'content-type': 'application/json',
222 verbose headers   'transfer-encoding': 'chunked',
222 verbose headers   connection: 'keep-alive',
222 verbose headers   'cf-ray': '75a188413b27721c-IST',
222 verbose headers   'access-control-allow-origin': '*',
222 verbose headers   'cache-control': 'public, max-age=300',
222 verbose headers   etag: 'W/"0cb5fa5b0b9eccd3cc9b01a42d9322b5"',
222 verbose headers   'last-modified': 'Tue, 28 Jun 2022 21:50:26 GMT',
222 verbose headers   vary: 'accept-encoding, accept',
222 verbose headers   'cf-cache-status': 'HIT',
222 verbose headers   'x-amz-replication-status': 'COMPLETED',
222 verbose headers   server: 'cloudflare',
222 verbose headers   'content-encoding': 'gzip' }
223 silly get cb [ 200,
223 silly get   { date: 'Fri, 14 Oct 2022 16:01:11 GMT',
223 silly get     'content-type': 'application/json',
223 silly get     'transfer-encoding': 'chunked',
223 silly get     connection: 'keep-alive',
223 silly get     'cf-ray': '75a188413b27721c-IST',
223 silly get     'access-control-allow-origin': '*',
223 silly get     'cache-control': 'public, max-age=300',
223 silly get     etag: 'W/"0cb5fa5b0b9eccd3cc9b01a42d9322b5"',
223 silly get     'last-modified': 'Tue, 28 Jun 2022 21:50:26 GMT',
223 silly get     vary: 'accept-encoding, accept',
223 silly get     'cf-cache-status': 'HIT',
223 silly get     'x-amz-replication-status': 'COMPLETED',
223 silly get     server: 'cloudflare',
223 silly get     'content-encoding': 'gzip' } ]
224 verbose get saving warning to /home/ahmet/.npm/registry.npmjs.org/warning/.cache.json
225 silly resolveWithNewModule dom-helpers@5.2.1 checking installable status
226 silly cache add args [ 'dom-helpers@^5.2.1', null ]
227 verbose cache add spec dom-helpers@^5.2.1
228 silly cache add parsed spec Result {
228 silly cache add   raw: 'dom-helpers@^5.2.1',
228 silly cache add   scope: null,
228 silly cache add   name: 'dom-helpers',
228 silly cache add   rawSpec: '^5.2.1',
228 silly cache add   spec: '>=5.2.1 <6.0.0',
228 silly cache add   type: 'range' }
229 silly addNamed dom-helpers@>=5.2.1 <6.0.0
230 verbose addNamed ">=5.2.1 <6.0.0" is a valid semver range for dom-helpers
231 silly addNameRange { name: 'dom-helpers', range: '>=5.2.1 <6.0.0', hasData: false }
232 silly mapToRegistry name dom-helpers
233 silly mapToRegistry using default registry
234 silly mapToRegistry registry https://registry.npmjs.org/
235 silly mapToRegistry uri https://registry.npmjs.org/dom-helpers
236 verbose addNameRange registry:https://registry.npmjs.org/dom-helpers not in flight; fetching
237 silly resolveWithNewModule classnames@2.3.2 checking installable status
238 silly cache add args [ 'classnames@^2.3.1', null ]
239 verbose cache add spec classnames@^2.3.1
240 silly cache add parsed spec Result {
240 silly cache add   raw: 'classnames@^2.3.1',
240 silly cache add   scope: null,
240 silly cache add   name: 'classnames',
240 silly cache add   rawSpec: '^2.3.1',
240 silly cache add   spec: '>=2.3.1 <3.0.0',
240 silly cache add   type: 'range' }
241 silly addNamed classnames@>=2.3.1 <3.0.0
242 verbose addNamed ">=2.3.1 <3.0.0" is a valid semver range for classnames
243 silly addNameRange { name: 'classnames', range: '>=2.3.1 <3.0.0', hasData: false }
244 silly mapToRegistry name classnames
245 silly mapToRegistry using default registry
246 silly mapToRegistry registry https://registry.npmjs.org/
247 silly mapToRegistry uri https://registry.npmjs.org/classnames
248 verbose addNameRange registry:https://registry.npmjs.org/classnames not in flight; fetching
249 silly resolveWithNewModule @restart/ui@1.4.0 checking installable status
250 silly cache add args [ '@restart/ui@^1.3.1', null ]
251 verbose cache add spec @restart/ui@^1.3.1
252 silly cache add parsed spec Result {
252 silly cache add   raw: '@restart/ui@^1.3.1',
252 silly cache add   scope: '@restart',
252 silly cache add   name: '@restart/ui',
252 silly cache add   rawSpec: '^1.3.1',
252 silly cache add   spec: '>=1.3.1 <2.0.0',
252 silly cache add   type: 'range' }
253 silly addNamed @restart/ui@>=1.3.1 <2.0.0
254 verbose addNamed ">=1.3.1 <2.0.0" is a valid semver range for @restart/ui
255 silly addNameRange { name: '@restart/ui', range: '>=1.3.1 <2.0.0', hasData: false }
256 silly mapToRegistry name @restart/ui
257 silly mapToRegistry scope (from package name) @restart
258 verbose mapToRegistry no registry URL found in name for scope @restart
259 silly mapToRegistry using default registry
260 silly mapToRegistry registry https://registry.npmjs.org/
261 silly mapToRegistry uri https://registry.npmjs.org/@restart%2fui
262 verbose addNameRange registry:https://registry.npmjs.org/@restart%2fui not in flight; fetching
263 silly resolveWithNewModule @restart/hooks@0.4.7 checking installable status
264 silly cache add args [ '@restart/hooks@^0.4.6', null ]
265 verbose cache add spec @restart/hooks@^0.4.6
266 silly cache add parsed spec Result {
266 silly cache add   raw: '@restart/hooks@^0.4.6',
266 silly cache add   scope: '@restart',
266 silly cache add   name: '@restart/hooks',
266 silly cache add   rawSpec: '^0.4.6',
266 silly cache add   spec: '>=0.4.6 <0.5.0',
266 silly cache add   type: 'range' }
267 silly addNamed @restart/hooks@>=0.4.6 <0.5.0
268 verbose addNamed ">=0.4.6 <0.5.0" is a valid semver range for @restart/hooks
269 silly addNameRange { name: '@restart/hooks',
269 silly addNameRange   range: '>=0.4.6 <0.5.0',
269 silly addNameRange   hasData: false }
270 silly mapToRegistry name @restart/hooks
271 silly mapToRegistry scope (from package name) @restart
272 verbose mapToRegistry no registry URL found in name for scope @restart
273 silly mapToRegistry using default registry
274 silly mapToRegistry registry https://registry.npmjs.org/
275 silly mapToRegistry uri https://registry.npmjs.org/@restart%2fhooks
276 verbose addNameRange registry:https://registry.npmjs.org/@restart%2fhooks not in flight; fetching
277 verbose get https://registry.npmjs.org/dom-helpers not expired, no request
278 silly addNameRange number 2 { name: 'dom-helpers', range: '>=5.2.1 <6.0.0', hasData: true }
279 silly addNameRange versions [ 'dom-helpers',
279 silly addNameRange   [ '1.0.0',
279 silly addNameRange     '1.0.1',
279 silly addNameRange     '1.0.2',
279 silly addNameRange     '1.1.0',
279 silly addNameRange     '1.2.0',
279 silly addNameRange     '1.2.1',
279 silly addNameRange     '1.2.2',
279 silly addNameRange     '1.2.3',
279 silly addNameRange     '1.2.4',
279 silly addNameRange     '1.3.1',
279 silly addNameRange     '1.3.2',
279 silly addNameRange     '1.3.3',
279 silly addNameRange     '2.0.0',
279 silly addNameRange     '2.1.0',
279 silly addNameRange     '2.2.0',
279 silly addNameRange     '2.2.2',
279 silly addNameRange     '2.2.4',
279 silly addNameRange     '2.3.0',
279 silly addNameRange     '2.4.0',
279 silly addNameRange     '3.0.0',
279 silly addNameRange     '3.1.0',
279 silly addNameRange     '3.2.0',
279 silly addNameRange     '3.2.1',
279 silly addNameRange     '3.3.0',
279 silly addNameRange     '3.3.1',
279 silly addNameRange     '3.4.0',
279 silly addNameRange     '5.0.1',
279 silly addNameRange     '5.1.0',
279 silly addNameRange     '5.1.1',
279 silly addNameRange     '5.1.2',
279 silly addNameRange     '5.1.3',
279 silly addNameRange     '5.1.4',
279 silly addNameRange     '5.2.0',
279 silly addNameRange     '5.2.1' ] ]
280 silly addNamed dom-helpers@5.2.1
281 verbose addNamed "5.2.1" is a plain semver version for dom-helpers
282 verbose get https://registry.npmjs.org/classnames not expired, no request
283 silly addNameRange number 2 { name: 'classnames', range: '>=2.3.1 <3.0.0', hasData: true }
284 silly addNameRange versions [ 'classnames',
284 silly addNameRange   [ '1.0.0',
284 silly addNameRange     '1.1.0',
284 silly addNameRange     '1.1.1',
284 silly addNameRange     '1.1.2',
284 silly addNameRange     '1.1.3',
284 silly addNameRange     '1.1.4',
284 silly addNameRange     '1.2.0',
284 silly addNameRange     '1.2.1',
284 silly addNameRange     '1.2.2',
284 silly addNameRange     '2.0.0',
284 silly addNameRange     '2.1.0',
284 silly addNameRange     '2.1.1',
284 silly addNameRange     '2.1.2',
284 silly addNameRange     '2.1.3',
284 silly addNameRange     '2.1.4',
284 silly addNameRange     '2.1.5',
284 silly addNameRange     '2.2.0',
284 silly addNameRange     '2.2.1',
284 silly addNameRange     '2.2.2',
284 silly addNameRange     '2.2.3',
284 silly addNameRange     '2.2.4',
284 silly addNameRange     '2.2.5',
284 silly addNameRange     '2.2.6',
284 silly addNameRange     '2.3.0',
284 silly addNameRange     '2.3.1',
284 silly addNameRange     '2.3.2' ] ]
285 silly addNamed classnames@2.3.2
286 verbose addNamed "2.3.2" is a plain semver version for classnames
287 verbose get https://registry.npmjs.org/@restart%2fui not expired, no request
288 silly addNameRange number 2 { name: '@restart/ui', range: '>=1.3.1 <2.0.0', hasData: true }
289 silly addNameRange versions [ '@restart/ui',
289 silly addNameRange   [ '0.0.1',
289 silly addNameRange     '0.0.2',
289 silly addNameRange     '0.0.3',
289 silly addNameRange     '0.0.4',
289 silly addNameRange     '0.0.5',
289 silly addNameRange     '0.0.6',
289 silly addNameRange     '0.1.0',
289 silly addNameRange     '0.1.1',
289 silly addNameRange     '0.2.0',
289 silly addNameRange     '0.2.1',
289 silly addNameRange     '0.2.2',
289 silly addNameRange     '0.2.3',
289 silly addNameRange     '0.2.4',
289 silly addNameRange     '0.2.5',
289 silly addNameRange     '0.2.6',
289 silly addNameRange     '1.0.0',
289 silly addNameRange     '1.0.1',
289 silly addNameRange     '1.0.2',
289 silly addNameRange     '1.1.0',
289 silly addNameRange     '1.2.0',
289 silly addNameRange     '1.3.0',
289 silly addNameRange     '1.3.1',
289 silly addNameRange     '1.4.0' ] ]
290 silly addNamed @restart/ui@1.4.0
291 verbose addNamed "1.4.0" is a plain semver version for @restart/ui
292 silly resolveWithNewModule warning@4.0.3 checking installable status
293 silly cache add args [ 'warning@^4.0.3', null ]
294 verbose cache add spec warning@^4.0.3
295 silly cache add parsed spec Result {
295 silly cache add   raw: 'warning@^4.0.3',
295 silly cache add   scope: null,
295 silly cache add   name: 'warning',
295 silly cache add   rawSpec: '^4.0.3',
295 silly cache add   spec: '>=4.0.3 <5.0.0',
295 silly cache add   type: 'range' }
296 silly addNamed warning@>=4.0.3 <5.0.0
297 verbose addNamed ">=4.0.3 <5.0.0" is a valid semver range for warning
298 silly addNameRange { name: 'warning', range: '>=4.0.3 <5.0.0', hasData: false }
299 silly mapToRegistry name warning
300 silly mapToRegistry using default registry
301 silly mapToRegistry registry https://registry.npmjs.org/
302 silly mapToRegistry uri https://registry.npmjs.org/warning
303 verbose addNameRange registry:https://registry.npmjs.org/warning not in flight; fetching
304 verbose get https://registry.npmjs.org/@restart%2fhooks not expired, no request
305 silly addNameRange number 2 { name: '@restart/hooks',
305 silly addNameRange   range: '>=0.4.6 <0.5.0',
305 silly addNameRange   hasData: true }
306 silly addNameRange versions [ '@restart/hooks',
306 silly addNameRange   [ '0.1.0',
306 silly addNameRange     '0.1.1',
306 silly addNameRange     '0.1.3',
306 silly addNameRange     '0.1.4',
306 silly addNameRange     '0.1.5',
306 silly addNameRange     '0.1.6',
306 silly addNameRange     '0.2.0',
306 silly addNameRange     '0.2.1',
306 silly addNameRange     '0.2.2',
306 silly addNameRange     '0.2.3',
306 silly addNameRange     '0.2.5',
306 silly addNameRange     '0.2.6',
306 silly addNameRange     '0.2.7',
306 silly addNameRange     '0.2.8',
306 silly addNameRange     '0.2.9',
306 silly addNameRange     '0.2.10',
306 silly addNameRange     '0.2.11',
306 silly addNameRange     '0.2.12',
306 silly addNameRange     '0.2.13',
306 silly addNameRange     '0.2.14',
306 silly addNameRange     '0.3.0',
306 silly addNameRange     '0.3.1',
306 silly addNameRange     '0.3.2',
306 silly addNameRange     '0.3.3',
306 silly addNameRange     '0.3.4',
306 silly addNameRange     '0.3.5',
306 silly addNameRange     '0.3.6',
306 silly addNameRange     '0.3.7',
306 silly addNameRange     '0.3.8',
306 silly addNameRange     '0.3.9',
306 silly addNameRange     '0.3.10',
306 silly addNameRange     '0.3.11',
306 silly addNameRange     '0.3.12',
306 silly addNameRange     '0.3.13',
306 silly addNameRange     '0.3.14',
306 silly addNameRange     '0.3.15',
306 silly addNameRange     '0.3.16',
306 silly addNameRange     '0.3.17',
306 silly addNameRange     '0.3.18',
306 silly addNameRange     '0.3.19',
306 silly addNameRange     '0.3.20',
306 silly addNameRange     '0.3.21',
306 silly addNameRange     '0.3.22',
306 silly addNameRange     '0.3.23',
306 silly addNameRange     '0.3.24',
306 silly addNameRange     '0.3.25',
306 silly addNameRange     '0.3.26',
306 silly addNameRange     '0.3.27',
306 silly addNameRange     '0.4.0',
306 silly addNameRange     '0.4.1',
306 silly addNameRange     '0.4.2',
306 silly addNameRange     '0.4.3',
306 silly addNameRange     '0.4.4',
306 silly addNameRange     '0.4.5',
306 silly addNameRange     '0.4.6',
306 silly addNameRange     '0.4.7' ] ]
307 silly addNamed @restart/hooks@0.4.7
308 verbose addNamed "0.4.7" is a plain semver version for @restart/hooks
309 silly cache afterAdd dom-helpers@5.2.1
310 verbose afterAdd /home/ahmet/.npm/dom-helpers/5.2.1/package/package.json not in flight; writing
311 silly cache afterAdd classnames@2.3.2
312 verbose afterAdd /home/ahmet/.npm/classnames/2.3.2/package/package.json not in flight; writing
313 silly cache afterAdd @restart/ui@1.4.0
314 verbose afterAdd /home/ahmet/.npm/@restart/ui/1.4.0/package/package.json not in flight; writing
315 verbose get https://registry.npmjs.org/warning not expired, no request
316 silly addNameRange number 2 { name: 'warning', range: '>=4.0.3 <5.0.0', hasData: true }
317 silly addNameRange versions [ 'warning',
317 silly addNameRange   [ '1.0.0',
317 silly addNameRange     '1.0.1',
317 silly addNameRange     '1.0.2',
317 silly addNameRange     '2.0.0',
317 silly addNameRange     '2.1.0',
317 silly addNameRange     '3.0.0',
317 silly addNameRange     '4.0.0',
317 silly addNameRange     '4.0.1',
317 silly addNameRange     '4.0.2',
317 silly addNameRange     '4.0.3' ] ]
318 silly addNamed warning@4.0.3
319 verbose addNamed "4.0.3" is a plain semver version for warning
320 silly mapToRegistry name warning
321 silly mapToRegistry using default registry
322 silly mapToRegistry registry https://registry.npmjs.org/
323 silly mapToRegistry uri https://registry.npmjs.org/warning
324 verbose addRemoteTarball https://registry.npmjs.org/warning/-/warning-4.0.3.tgz not in flight; adding
325 verbose addRemoteTarball [ 'https://registry.npmjs.org/warning/-/warning-4.0.3.tgz',
325 verbose addRemoteTarball   '16e9e077eb8a86d6af7d64aa1e05fd85b4678ca3' ]
326 silly cache afterAdd @restart/hooks@0.4.7
327 verbose afterAdd /home/ahmet/.npm/@restart/hooks/0.4.7/package/package.json not in flight; writing
328 verbose afterAdd /home/ahmet/.npm/dom-helpers/5.2.1/package/package.json written
329 verbose afterAdd /home/ahmet/.npm/classnames/2.3.2/package/package.json written
330 verbose afterAdd /home/ahmet/.npm/@restart/ui/1.4.0/package/package.json written
331 verbose afterAdd /home/ahmet/.npm/@restart/hooks/0.4.7/package/package.json written
332 info retry fetch attempt 1 at 7:01:32 PM
333 info attempt registry request try #1 at 7:01:32 PM
334 http fetch GET https://registry.npmjs.org/warning/-/warning-4.0.3.tgz
335 http fetch 200 https://registry.npmjs.org/warning/-/warning-4.0.3.tgz
336 http 304 https://registry.npmjs.org/prop-types
337 verbose headers { date: 'Fri, 14 Oct 2022 16:01:32 GMT',
337 verbose headers   connection: 'keep-alive',
337 verbose headers   'cf-ray': '75a188bfbcbe723d-IST',
337 verbose headers   'cache-control': 'public, max-age=300',
337 verbose headers   etag: '"bf00cf70a1d426e215cfd5eb1062c136"',
337 verbose headers   'last-modified': 'Fri, 24 Jun 2022 20:04:34 GMT',
337 verbose headers   vary: 'Accept-Encoding',
337 verbose headers   'cf-cache-status': 'HIT',
337 verbose headers   'x-amz-replication-status': 'PENDING',
337 verbose headers   server: 'cloudflare' }
338 silly get cb [ 304,
338 silly get   { date: 'Fri, 14 Oct 2022 16:01:32 GMT',
338 silly get     connection: 'keep-alive',
338 silly get     'cf-ray': '75a188bfbcbe723d-IST',
338 silly get     'cache-control': 'public, max-age=300',
338 silly get     etag: '"bf00cf70a1d426e215cfd5eb1062c136"',
338 silly get     'last-modified': 'Fri, 24 Jun 2022 20:04:34 GMT',
338 silly get     vary: 'Accept-Encoding',
338 silly get     'cf-cache-status': 'HIT',
338 silly get     'x-amz-replication-status': 'PENDING',
338 silly get     server: 'cloudflare' } ]
339 verbose etag https://registry.npmjs.org/prop-types from cache
340 verbose get saving prop-types to /home/ahmet/.npm/registry.npmjs.org/prop-types/.cache.json
341 info retry will retry, error on last attempt: Error: self signed certificate in certificate chain
342 silly resolveWithNewModule prop-types@15.8.1 checking installable status
343 silly cache add args [ 'prop-types@^15.8.1', null ]
344 verbose cache add spec prop-types@^15.8.1
345 silly cache add parsed spec Result {
345 silly cache add   raw: 'prop-types@^15.8.1',
345 silly cache add   scope: null,
345 silly cache add   name: 'prop-types',
345 silly cache add   rawSpec: '^15.8.1',
345 silly cache add   spec: '>=15.8.1 <16.0.0',
345 silly cache add   type: 'range' }
346 silly addNamed prop-types@>=15.8.1 <16.0.0
347 verbose addNamed ">=15.8.1 <16.0.0" is a valid semver range for prop-types
348 silly addNameRange { name: 'prop-types', range: '>=15.8.1 <16.0.0', hasData: false }
349 silly mapToRegistry name prop-types
350 silly mapToRegistry using default registry
351 silly mapToRegistry registry https://registry.npmjs.org/
352 silly mapToRegistry uri https://registry.npmjs.org/prop-types
353 verbose addNameRange registry:https://registry.npmjs.org/prop-types not in flight; fetching
354 verbose get https://registry.npmjs.org/prop-types not expired, no request
355 silly addNameRange number 2 { name: 'prop-types', range: '>=15.8.1 <16.0.0', hasData: true }
356 silly addNameRange versions [ 'prop-types',
356 silly addNameRange   [ '0.1.0',
356 silly addNameRange     '0.2.0',
356 silly addNameRange     '15.5.0-alpha.0',
356 silly addNameRange     '15.5.0',
356 silly addNameRange     '15.5.1',
356 silly addNameRange     '15.5.2',
356 silly addNameRange     '15.5.3',
356 silly addNameRange     '15.5.4',
356 silly addNameRange     '15.5.5',
356 silly addNameRange     '15.5.6',
356 silly addNameRange     '15.5.7-alpha',
356 silly addNameRange     '15.5.7-alpha.1',
356 silly addNameRange     '15.5.7',
356 silly addNameRange     '15.5.8',
356 silly addNameRange     '15.5.9',
356 silly addNameRange     '15.5.10',
356 silly addNameRange     '15.6.0',
356 silly addNameRange     '15.6.1',
356 silly addNameRange     '15.6.2',
356 silly addNameRange     '15.7.0',
356 silly addNameRange     '15.7.1',
356 silly addNameRange     '15.7.2',
356 silly addNameRange     '15.8.0',
356 silly addNameRange     '15.8.1' ] ]
357 silly addNamed prop-types@15.8.1
358 verbose addNamed "15.8.1" is a plain semver version for prop-types
359 info retry will retry, error on last attempt: Error: self signed certificate in certificate chain
360 silly cache afterAdd prop-types@15.8.1
361 verbose afterAdd /home/ahmet/.npm/prop-types/15.8.1/package/package.json not in flight; writing
362 verbose afterAdd /home/ahmet/.npm/prop-types/15.8.1/package/package.json written
363 silly fetchAndShaCheck shasum 16e9e077eb8a86d6af7d64aa1e05fd85b4678ca3
364 verbose addTmpTarball /tmp/npm-11725-d383ac83/registry.npmjs.org/warning/-/warning-4.0.3.tgz not in flight; adding
365 verbose addTmpTarball already have metadata; skipping unpack for warning@4.0.3
366 silly cache afterAdd warning@4.0.3
367 verbose afterAdd /home/ahmet/.npm/warning/4.0.3/package/package.json not in flight; writing
368 verbose afterAdd /home/ahmet/.npm/warning/4.0.3/package/package.json written
369 http 304 https://registry.npmjs.org/prop-types-extra
370 verbose headers { date: 'Fri, 14 Oct 2022 16:01:33 GMT',
370 verbose headers   connection: 'keep-alive',
370 verbose headers   'cf-ray': '75a188c74b2f7249-IST',
370 verbose headers   age: '70',
370 verbose headers   'cache-control': 'public, max-age=300',
370 verbose headers   etag: '"162089cb8c7940f105fb02505e17b5f2"',
370 verbose headers   'last-modified': 'Fri, 24 Jun 2022 20:05:04 GMT',
370 verbose headers   vary: 'Accept-Encoding',
370 verbose headers   'cf-cache-status': 'HIT',
370 verbose headers   'x-amz-replication-status': 'COMPLETED',
370 verbose headers   server: 'cloudflare' }
371 silly get cb [ 304,
371 silly get   { date: 'Fri, 14 Oct 2022 16:01:33 GMT',
371 silly get     connection: 'keep-alive',
371 silly get     'cf-ray': '75a188c74b2f7249-IST',
371 silly get     age: '70',
371 silly get     'cache-control': 'public, max-age=300',
371 silly get     etag: '"162089cb8c7940f105fb02505e17b5f2"',
371 silly get     'last-modified': 'Fri, 24 Jun 2022 20:05:04 GMT',
371 silly get     vary: 'Accept-Encoding',
371 silly get     'cf-cache-status': 'HIT',
371 silly get     'x-amz-replication-status': 'COMPLETED',
371 silly get     server: 'cloudflare' } ]
372 verbose etag https://registry.npmjs.org/prop-types-extra from cache
373 verbose get saving prop-types-extra to /home/ahmet/.npm/registry.npmjs.org/prop-types-extra/.cache.json
374 silly resolveWithNewModule prop-types-extra@1.1.1 checking installable status
375 silly cache add args [ 'prop-types-extra@^1.1.0', null ]
376 verbose cache add spec prop-types-extra@^1.1.0
377 silly cache add parsed spec Result {
377 silly cache add   raw: 'prop-types-extra@^1.1.0',
377 silly cache add   scope: null,
377 silly cache add   name: 'prop-types-extra',
377 silly cache add   rawSpec: '^1.1.0',
377 silly cache add   spec: '>=1.1.0 <2.0.0',
377 silly cache add   type: 'range' }
378 silly addNamed prop-types-extra@>=1.1.0 <2.0.0
379 verbose addNamed ">=1.1.0 <2.0.0" is a valid semver range for prop-types-extra
380 silly addNameRange { name: 'prop-types-extra',
380 silly addNameRange   range: '>=1.1.0 <2.0.0',
380 silly addNameRange   hasData: false }
381 silly mapToRegistry name prop-types-extra
382 silly mapToRegistry using default registry
383 silly mapToRegistry registry https://registry.npmjs.org/
384 silly mapToRegistry uri https://registry.npmjs.org/prop-types-extra
385 verbose addNameRange registry:https://registry.npmjs.org/prop-types-extra not in flight; fetching
386 verbose get https://registry.npmjs.org/prop-types-extra not expired, no request
387 silly addNameRange number 2 { name: 'prop-types-extra',
387 silly addNameRange   range: '>=1.1.0 <2.0.0',
387 silly addNameRange   hasData: true }
388 silly addNameRange versions [ 'prop-types-extra', [ '1.0.0', '1.0.1', '1.1.0', '1.1.1' ] ]
389 silly addNamed prop-types-extra@1.1.1
390 verbose addNamed "1.1.1" is a plain semver version for prop-types-extra
391 silly cache afterAdd prop-types-extra@1.1.1
392 verbose afterAdd /home/ahmet/.npm/prop-types-extra/1.1.1/package/package.json not in flight; writing
393 verbose afterAdd /home/ahmet/.npm/prop-types-extra/1.1.1/package/package.json written
394 info attempt registry request try #2 at 7:01:38 PM
395 verbose etag W/"8750b8b8d890d46cdf80673001106ae2"
396 verbose lastModified Sun, 19 Jun 2022 01:53:50 GMT
397 http request GET https://registry.npmjs.org/invariant
398 info attempt registry request try #2 at 7:01:38 PM
399 verbose etag W/"bf746ac73985b9cc9b62c923b3d7352b"
400 verbose lastModified Mon, 15 Aug 2022 08:31:16 GMT
401 http request GET https://registry.npmjs.org/@types%2freact-transition-group
402 http 304 https://registry.npmjs.org/invariant
403 verbose headers { date: 'Fri, 14 Oct 2022 16:01:38 GMT',
403 verbose headers   connection: 'keep-alive',
403 verbose headers   'cf-ray': '75a188e5ed6e721c-IST',
403 verbose headers   age: '86',
403 verbose headers   'cache-control': 'public, max-age=300',
403 verbose headers   etag: '"8750b8b8d890d46cdf80673001106ae2"',
403 verbose headers   'last-modified': 'Sun, 19 Jun 2022 01:53:50 GMT',
403 verbose headers   vary: 'Accept-Encoding',
403 verbose headers   'cf-cache-status': 'HIT',
403 verbose headers   'x-amz-replication-status': 'COMPLETED',
403 verbose headers   server: 'cloudflare' }
404 silly get cb [ 304,
404 silly get   { date: 'Fri, 14 Oct 2022 16:01:38 GMT',
404 silly get     connection: 'keep-alive',
404 silly get     'cf-ray': '75a188e5ed6e721c-IST',
404 silly get     age: '86',
404 silly get     'cache-control': 'public, max-age=300',
404 silly get     etag: '"8750b8b8d890d46cdf80673001106ae2"',
404 silly get     'last-modified': 'Sun, 19 Jun 2022 01:53:50 GMT',
404 silly get     vary: 'Accept-Encoding',
404 silly get     'cf-cache-status': 'HIT',
404 silly get     'x-amz-replication-status': 'COMPLETED',
404 silly get     server: 'cloudflare' } ]
405 verbose etag https://registry.npmjs.org/invariant from cache
406 verbose get saving invariant to /home/ahmet/.npm/registry.npmjs.org/invariant/.cache.json
407 silly resolveWithNewModule invariant@2.2.4 checking installable status
408 silly cache add args [ 'invariant@^2.2.4', null ]
409 verbose cache add spec invariant@^2.2.4
410 silly cache add parsed spec Result {
410 silly cache add   raw: 'invariant@^2.2.4',
410 silly cache add   scope: null,
410 silly cache add   name: 'invariant',
410 silly cache add   rawSpec: '^2.2.4',
410 silly cache add   spec: '>=2.2.4 <3.0.0',
410 silly cache add   type: 'range' }
411 silly addNamed invariant@>=2.2.4 <3.0.0
412 verbose addNamed ">=2.2.4 <3.0.0" is a valid semver range for invariant
413 silly addNameRange { name: 'invariant', range: '>=2.2.4 <3.0.0', hasData: false }
414 silly mapToRegistry name invariant
415 silly mapToRegistry using default registry
416 silly mapToRegistry registry https://registry.npmjs.org/
417 silly mapToRegistry uri https://registry.npmjs.org/invariant
418 verbose addNameRange registry:https://registry.npmjs.org/invariant not in flight; fetching
419 verbose get https://registry.npmjs.org/invariant not expired, no request
420 silly addNameRange number 2 { name: 'invariant', range: '>=2.2.4 <3.0.0', hasData: true }
421 silly addNameRange versions [ 'invariant',
421 silly addNameRange   [ '1.0.0',
421 silly addNameRange     '1.0.1',
421 silly addNameRange     '1.0.2',
421 silly addNameRange     '2.0.0',
421 silly addNameRange     '2.1.0',
421 silly addNameRange     '2.1.1',
421 silly addNameRange     '2.1.2',
421 silly addNameRange     '2.1.3',
421 silly addNameRange     '2.2.0',
421 silly addNameRange     '2.2.1',
421 silly addNameRange     '2.2.2',
421 silly addNameRange     '2.2.3',
421 silly addNameRange     '2.2.4' ] ]
422 silly addNamed invariant@2.2.4
423 verbose addNamed "2.2.4" is a plain semver version for invariant
424 silly cache afterAdd invariant@2.2.4
425 verbose afterAdd /home/ahmet/.npm/invariant/2.2.4/package/package.json not in flight; writing
426 verbose afterAdd /home/ahmet/.npm/invariant/2.2.4/package/package.json written
427 http 304 https://registry.npmjs.org/@types%2freact-transition-group
428 verbose headers { date: 'Fri, 14 Oct 2022 16:01:39 GMT',
428 verbose headers   connection: 'keep-alive',
428 verbose headers   'cf-ray': '75a188e64de2721e-IST',
428 verbose headers   'cache-control': 'public, max-age=300',
428 verbose headers   etag: '"bf746ac73985b9cc9b62c923b3d7352b"',
428 verbose headers   'last-modified': 'Mon, 15 Aug 2022 08:31:16 GMT',
428 verbose headers   vary: 'Accept-Encoding',
428 verbose headers   'cf-cache-status': 'REVALIDATED',
428 verbose headers   'x-amz-replication-status': 'PENDING',
428 verbose headers   server: 'cloudflare' }
429 silly get cb [ 304,
429 silly get   { date: 'Fri, 14 Oct 2022 16:01:39 GMT',
429 silly get     connection: 'keep-alive',
429 silly get     'cf-ray': '75a188e64de2721e-IST',
429 silly get     'cache-control': 'public, max-age=300',
429 silly get     etag: '"bf746ac73985b9cc9b62c923b3d7352b"',
429 silly get     'last-modified': 'Mon, 15 Aug 2022 08:31:16 GMT',
429 silly get     vary: 'Accept-Encoding',
429 silly get     'cf-cache-status': 'REVALIDATED',
429 silly get     'x-amz-replication-status': 'PENDING',
429 silly get     server: 'cloudflare' } ]
430 verbose etag https://registry.npmjs.org/@types%2freact-transition-group from cache
431 verbose get saving @types/react-transition-group to /home/ahmet/.npm/registry.npmjs.org/_40types_252freact-transition-group/.cache.json
432 silly resolveWithNewModule @types/react-transition-group@4.4.5 checking installable status
433 silly cache add args [ '@types/react-transition-group@^4.4.4', null ]
434 verbose cache add spec @types/react-transition-group@^4.4.4
435 silly cache add parsed spec Result {
435 silly cache add   raw: '@types/react-transition-group@^4.4.4',
435 silly cache add   scope: '@types',
435 silly cache add   name: '@types/react-transition-group',
435 silly cache add   rawSpec: '^4.4.4',
435 silly cache add   spec: '>=4.4.4 <5.0.0',
435 silly cache add   type: 'range' }
436 silly addNamed @types/react-transition-group@>=4.4.4 <5.0.0
437 verbose addNamed ">=4.4.4 <5.0.0" is a valid semver range for @types/react-transition-group
438 silly addNameRange { name: '@types/react-transition-group',
438 silly addNameRange   range: '>=4.4.4 <5.0.0',
438 silly addNameRange   hasData: false }
439 silly mapToRegistry name @types/react-transition-group
440 silly mapToRegistry scope (from package name) @types
441 verbose mapToRegistry no registry URL found in name for scope @types
442 silly mapToRegistry using default registry
443 silly mapToRegistry registry https://registry.npmjs.org/
444 silly mapToRegistry uri https://registry.npmjs.org/@types%2freact-transition-group
445 verbose addNameRange registry:https://registry.npmjs.org/@types%2freact-transition-group not in flight; fetching
446 verbose get https://registry.npmjs.org/@types%2freact-transition-group not expired, no request
447 silly addNameRange number 2 { name: '@types/react-transition-group',
447 silly addNameRange   range: '>=4.4.4 <5.0.0',
447 silly addNameRange   hasData: true }
448 silly addNameRange versions [ '@types/react-transition-group',
448 silly addNameRange   [ '1.1.0',
448 silly addNameRange     '1.1.1',
448 silly addNameRange     '1.1.2',
448 silly addNameRange     '2.0.0',
448 silly addNameRange     '2.0.1',
448 silly addNameRange     '2.0.2',
448 silly addNameRange     '2.0.3',
448 silly addNameRange     '2.0.4',
448 silly addNameRange     '2.0.5',
448 silly addNameRange     '2.0.6',
448 silly addNameRange     '1.1.3',
448 silly addNameRange     '2.0.7',
448 silly addNameRange     '2.0.8',
448 silly addNameRange     '1.1.4',
448 silly addNameRange     '2.0.9',
448 silly addNameRange     '2.0.10',
448 silly addNameRange     '2.0.11',
448 silly addNameRange     '2.0.12',
448 silly addNameRange     '1.1.5',
448 silly addNameRange     '2.0.13',
448 silly addNameRange     '2.0.14',
448 silly addNameRange     '2.0.15',
448 silly addNameRange     '2.0.16',
448 silly addNameRange     '1.1.6',
448 silly addNameRange     '2.8.0',
448 silly addNameRange     '2.9.0',
448 silly addNameRange     '2.9.1',
448 silly addNameRange     '2.9.2',
448 silly addNameRange     '4.2.0',
448 silly addNameRange     '4.2.1',
448 silly addNameRange     '4.2.2',
448 silly addNameRange     '4.2.3',
448 silly addNameRange     '4.2.4',
448 silly addNameRange     '4.4.0',
448 silly addNameRange     '4.4.1',
448 silly addNameRange     '4.4.2',
448 silly addNameRange     '1.1.7',
448 silly addNameRange     '4.4.3',
448 silly addNameRange     '4.4.4',
448 silly addNameRange     '1.1.8',
448 silly addNameRange     '4.4.5' ] ]
449 silly addNamed @types/react-transition-group@4.4.5
450 verbose addNamed "4.4.5" is a plain semver version for @types/react-transition-group
451 silly cache afterAdd @types/react-transition-group@4.4.5
452 verbose afterAdd /home/ahmet/.npm/@types/react-transition-group/4.4.5/package/package.json not in flight; writing
453 verbose afterAdd /home/ahmet/.npm/@types/react-transition-group/4.4.5/package/package.json written
454 info attempt registry request try #2 at 7:01:42 PM
455 verbose etag W/"b45dd08a54b1942bc109fc3f1fab809a"
456 verbose lastModified Tue, 28 Jun 2022 04:00:19 GMT
457 http request GET https://registry.npmjs.org/uncontrollable
458 info attempt registry request try #2 at 7:01:42 PM
459 verbose etag W/"2e3f6a6aecbfacde27afd61d93d4bcc3"
460 verbose lastModified Mon, 01 Aug 2022 08:37:00 GMT
461 http request GET https://registry.npmjs.org/react-transition-group
462 http 304 https://registry.npmjs.org/react-transition-group
463 verbose headers { date: 'Fri, 14 Oct 2022 16:01:42 GMT',
463 verbose headers   connection: 'keep-alive',
463 verbose headers   'cf-ray': '75a189019aa4723d-IST',
463 verbose headers   'cache-control': 'public, max-age=300',
463 verbose headers   etag: '"2e3f6a6aecbfacde27afd61d93d4bcc3"',
463 verbose headers   'last-modified': 'Mon, 01 Aug 2022 08:37:00 GMT',
463 verbose headers   vary: 'Accept-Encoding',
463 verbose headers   'cf-cache-status': 'HIT',
463 verbose headers   'x-amz-replication-status': 'COMPLETED',
463 verbose headers   server: 'cloudflare' }
464 silly get cb [ 304,
464 silly get   { date: 'Fri, 14 Oct 2022 16:01:42 GMT',
464 silly get     connection: 'keep-alive',
464 silly get     'cf-ray': '75a189019aa4723d-IST',
464 silly get     'cache-control': 'public, max-age=300',
464 silly get     etag: '"2e3f6a6aecbfacde27afd61d93d4bcc3"',
464 silly get     'last-modified': 'Mon, 01 Aug 2022 08:37:00 GMT',
464 silly get     vary: 'Accept-Encoding',
464 silly get     'cf-cache-status': 'HIT',
464 silly get     'x-amz-replication-status': 'COMPLETED',
464 silly get     server: 'cloudflare' } ]
465 verbose etag https://registry.npmjs.org/react-transition-group from cache
466 verbose get saving react-transition-group to /home/ahmet/.npm/registry.npmjs.org/react-transition-group/.cache.json
467 silly resolveWithNewModule react-transition-group@4.4.5 checking installable status
468 silly cache add args [ 'react-transition-group@^4.4.2', null ]
469 verbose cache add spec react-transition-group@^4.4.2
470 silly cache add parsed spec Result {
470 silly cache add   raw: 'react-transition-group@^4.4.2',
470 silly cache add   scope: null,
470 silly cache add   name: 'react-transition-group',
470 silly cache add   rawSpec: '^4.4.2',
470 silly cache add   spec: '>=4.4.2 <5.0.0',
470 silly cache add   type: 'range' }
471 silly addNamed react-transition-group@>=4.4.2 <5.0.0
472 verbose addNamed ">=4.4.2 <5.0.0" is a valid semver range for react-transition-group
473 silly addNameRange { name: 'react-transition-group',
473 silly addNameRange   range: '>=4.4.2 <5.0.0',
473 silly addNameRange   hasData: false }
474 silly mapToRegistry name react-transition-group
475 silly mapToRegistry using default registry
476 silly mapToRegistry registry https://registry.npmjs.org/
477 silly mapToRegistry uri https://registry.npmjs.org/react-transition-group
478 verbose addNameRange registry:https://registry.npmjs.org/react-transition-group not in flight; fetching
479 verbose get https://registry.npmjs.org/react-transition-group not expired, no request
480 silly addNameRange number 2 { name: 'react-transition-group',
480 silly addNameRange   range: '>=4.4.2 <5.0.0',
480 silly addNameRange   hasData: true }
481 silly addNameRange versions [ 'react-transition-group',
481 silly addNameRange   [ '1.0.0',
481 silly addNameRange     '1.1.0',
481 silly addNameRange     '1.1.1',
481 silly addNameRange     '1.1.2',
481 silly addNameRange     '1.1.3',
481 silly addNameRange     '1.2.0',
481 silly addNameRange     '2.0.0-beta.0',
481 silly addNameRange     '2.0.0-beta.1',
481 silly addNameRange     '2.0.0',
481 silly addNameRange     '2.0.1',
481 silly addNameRange     '2.0.2',
481 silly addNameRange     '2.1.0',
481 silly addNameRange     '2.2.0',
481 silly addNameRange     '1.2.1',
481 silly addNameRange     '2.2.1',
481 silly addNameRange     '2.3.0-beta.0',
481 silly addNameRange     '2.3.0',
481 silly addNameRange     '2.3.1',
481 silly addNameRange     '2.4.0',
481 silly addNameRange     '2.5.0',
481 silly addNameRange     '2.5.1',
481 silly addNameRange     '2.5.2',
481 silly addNameRange     '2.5.3',
481 silly addNameRange     '2.6.0',
481 silly addNameRange     '2.6.1',
481 silly addNameRange     '2.7.0',
481 silly addNameRange     '2.7.1',
481 silly addNameRange     '2.8.0',
481 silly addNameRange     '2.9.0',
481 silly addNameRange     '3.0.0',
481 silly addNameRange     '4.0.0',
481 silly addNameRange     '4.0.1',
481 silly addNameRange     '4.1.0',
481 silly addNameRange     '4.1.1',
481 silly addNameRange     '4.2.0',
481 silly addNameRange     '4.2.1',
481 silly addNameRange     '4.2.2',
481 silly addNameRange     '4.3.0',
481 silly addNameRange     '4.4.0',
481 silly addNameRange     '4.4.1',
481 silly addNameRange     '4.4.2',
481 silly addNameRange     '4.4.3',
481 silly addNameRange     '4.4.4',
481 silly addNameRange     '4.4.5' ] ]
482 silly addNamed react-transition-group@4.4.5
483 verbose addNamed "4.4.5" is a plain semver version for react-transition-group
484 silly cache afterAdd react-transition-group@4.4.5
485 verbose afterAdd /home/ahmet/.npm/react-transition-group/4.4.5/package/package.json not in flight; writing
486 verbose afterAdd /home/ahmet/.npm/react-transition-group/4.4.5/package/package.json written
487 http 304 https://registry.npmjs.org/uncontrollable
488 verbose headers { date: 'Fri, 14 Oct 2022 16:01:43 GMT',
488 verbose headers   connection: 'keep-alive',
488 verbose headers   'cf-ray': '75a189009f46725a-IST',
488 verbose headers   'cache-control': 'public, max-age=300',
488 verbose headers   etag: '"b45dd08a54b1942bc109fc3f1fab809a"',
488 verbose headers   'last-modified': 'Tue, 28 Jun 2022 04:00:19 GMT',
488 verbose headers   vary: 'Accept-Encoding',
488 verbose headers   'cf-cache-status': 'REVALIDATED',
488 verbose headers   'x-amz-replication-status': 'COMPLETED',
488 verbose headers   server: 'cloudflare' }
489 silly get cb [ 304,
489 silly get   { date: 'Fri, 14 Oct 2022 16:01:43 GMT',
489 silly get     connection: 'keep-alive',
489 silly get     'cf-ray': '75a189009f46725a-IST',
489 silly get     'cache-control': 'public, max-age=300',
489 silly get     etag: '"b45dd08a54b1942bc109fc3f1fab809a"',
489 silly get     'last-modified': 'Tue, 28 Jun 2022 04:00:19 GMT',
489 silly get     vary: 'Accept-Encoding',
489 silly get     'cf-cache-status': 'REVALIDATED',
489 silly get     'x-amz-replication-status': 'COMPLETED',
489 silly get     server: 'cloudflare' } ]
490 verbose etag https://registry.npmjs.org/uncontrollable from cache
491 verbose get saving uncontrollable to /home/ahmet/.npm/registry.npmjs.org/uncontrollable/.cache.json
492 silly resolveWithNewModule uncontrollable@7.2.1 checking installable status
493 silly cache add args [ 'uncontrollable@^7.2.1', null ]
494 verbose cache add spec uncontrollable@^7.2.1
495 silly cache add parsed spec Result {
495 silly cache add   raw: 'uncontrollable@^7.2.1',
495 silly cache add   scope: null,
495 silly cache add   name: 'uncontrollable',
495 silly cache add   rawSpec: '^7.2.1',
495 silly cache add   spec: '>=7.2.1 <8.0.0',
495 silly cache add   type: 'range' }
496 silly addNamed uncontrollable@>=7.2.1 <8.0.0
497 verbose addNamed ">=7.2.1 <8.0.0" is a valid semver range for uncontrollable
498 silly addNameRange { name: 'uncontrollable',
498 silly addNameRange   range: '>=7.2.1 <8.0.0',
498 silly addNameRange   hasData: false }
499 silly mapToRegistry name uncontrollable
500 silly mapToRegistry using default registry
501 silly mapToRegistry registry https://registry.npmjs.org/
502 silly mapToRegistry uri https://registry.npmjs.org/uncontrollable
503 verbose addNameRange registry:https://registry.npmjs.org/uncontrollable not in flight; fetching
504 verbose get https://registry.npmjs.org/uncontrollable not expired, no request
505 silly addNameRange number 2 { name: 'uncontrollable',
505 silly addNameRange   range: '>=7.2.1 <8.0.0',
505 silly addNameRange   hasData: true }
506 silly addNameRange versions [ 'uncontrollable',
506 silly addNameRange   [ '1.0.0',
506 silly addNameRange     '1.1.0',
506 silly addNameRange     '1.1.1',
506 silly addNameRange     '1.1.2',
506 silly addNameRange     '1.1.3',
506 silly addNameRange     '1.1.4',
506 silly addNameRange     '1.2.0',
506 silly addNameRange     '1.3.0',
506 silly addNameRange     '1.3.1',
506 silly addNameRange     '1.3.2',
506 silly addNameRange     '1.4.0',
506 silly addNameRange     '2.0.0',
506 silly addNameRange     '3.0.0',
506 silly addNameRange     '3.0.1',
506 silly addNameRange     '3.0.2',
506 silly addNameRange     '3.1.0',
506 silly addNameRange     '3.0.3',
506 silly addNameRange     '3.1.1',
506 silly addNameRange     '3.1.2',
506 silly addNameRange     '3.1.3',
506 silly addNameRange     '3.1.4',
506 silly addNameRange     '3.2.0',
506 silly addNameRange     '3.2.1',
506 silly addNameRange     '3.2.3',
506 silly addNameRange     '3.3.0',
506 silly addNameRange     '3.3.1',
506 silly addNameRange     '3.2.4',
506 silly addNameRange     '4.0.0',
506 silly addNameRange     '4.0.1',
506 silly addNameRange     '4.0.2',
506 silly addNameRange     '4.0.3',
506 silly addNameRange     '4.1.0',
506 silly addNameRange     '5.0.0',
506 silly addNameRange     '5.1.0',
506 silly addNameRange     '6.0.0',
506 silly addNameRange     '6.1.0',
506 silly addNameRange     '6.2.2',
506 silly addNameRange     '6.2.3',
506 silly addNameRange     '7.0.0',
506 silly addNameRange     '7.0.1',
506 silly addNameRange     '7.0.2',
506 silly addNameRange     '7.1.0',
506 silly addNameRange     '7.1.1',
506 silly addNameRange     '7.2.0',
506 silly addNameRange     '7.2.1' ] ]
507 silly addNamed uncontrollable@7.2.1
508 verbose addNamed "7.2.1" is a plain semver version for uncontrollable
509 silly cache afterAdd uncontrollable@7.2.1
510 verbose afterAdd /home/ahmet/.npm/uncontrollable/7.2.1/package/package.json not in flight; writing
511 verbose afterAdd /home/ahmet/.npm/uncontrollable/7.2.1/package/package.json written
512 info retry will retry, error on last attempt: Error: socket hang up
513 info attempt registry request try #2 at 7:02:47 PM
514 verbose etag W/"fe43aaedefcf11c31b15c2a20eade1c0"
515 verbose lastModified Mon, 10 Oct 2022 10:47:23 GMT
516 http request GET https://registry.npmjs.org/@babel%2fruntime
517 http 304 https://registry.npmjs.org/@babel%2fruntime
518 verbose headers { date: 'Fri, 14 Oct 2022 16:02:53 GMT',
518 verbose headers   connection: 'keep-alive',
518 verbose headers   'cf-ray': '75a18abc9bd17231-IST',
518 verbose headers   age: '170',
518 verbose headers   'cache-control': 'public, max-age=300',
518 verbose headers   etag: '"fe43aaedefcf11c31b15c2a20eade1c0"',
518 verbose headers   'last-modified': 'Mon, 10 Oct 2022 10:47:23 GMT',
518 verbose headers   vary: 'Accept-Encoding',
518 verbose headers   'cf-cache-status': 'HIT',
518 verbose headers   'x-amz-replication-status': 'COMPLETED',
518 verbose headers   server: 'cloudflare' }
519 silly get cb [ 304,
519 silly get   { date: 'Fri, 14 Oct 2022 16:02:53 GMT',
519 silly get     connection: 'keep-alive',
519 silly get     'cf-ray': '75a18abc9bd17231-IST',
519 silly get     age: '170',
519 silly get     'cache-control': 'public, max-age=300',
519 silly get     etag: '"fe43aaedefcf11c31b15c2a20eade1c0"',
519 silly get     'last-modified': 'Mon, 10 Oct 2022 10:47:23 GMT',
519 silly get     vary: 'Accept-Encoding',
519 silly get     'cf-cache-status': 'HIT',
519 silly get     'x-amz-replication-status': 'COMPLETED',
519 silly get     server: 'cloudflare' } ]
520 verbose etag https://registry.npmjs.org/@babel%2fruntime from cache
521 verbose get saving @babel/runtime to /home/ahmet/.npm/registry.npmjs.org/_40babel_252fruntime/.cache.json
522 verbose stack Error: Missing required argument #1
522 verbose stack     at andLogAndFinish (/usr/share/npm/lib/fetch-package-metadata.js:31:3)
522 verbose stack     at fetchPackageMetadata (/usr/share/npm/lib/fetch-package-metadata.js:51:22)
522 verbose stack     at resolveWithNewModule (/usr/share/npm/lib/install/deps.js:456:12)
522 verbose stack     at /usr/share/npm/lib/install/deps.js:457:7
522 verbose stack     at /usr/share/npm/node_modules/iferr/index.js:13:50
522 verbose stack     at /usr/share/npm/lib/fetch-package-metadata.js:37:12
522 verbose stack     at addRequestedAndFinish (/usr/share/npm/lib/fetch-package-metadata.js:82:5)
522 verbose stack     at returnAndAddMetadata (/usr/share/npm/lib/fetch-package-metadata.js:117:7)
522 verbose stack     at pickVersionFromRegistryDocument (/usr/share/npm/lib/fetch-package-metadata.js:134:20)
522 verbose stack     at /usr/share/npm/node_modules/iferr/index.js:13:50
523 verbose cwd /home/ahmet/Desktop/mekanbul
524 error Linux 5.4.0-104-generic
525 error argv "/usr/bin/node" "/usr/bin/npm" "install" "react-bootstrap"
526 error node v8.10.0
527 error npm  v3.5.2
528 error code EMISSINGARG
529 error typeerror Error: Missing required argument #1
529 error typeerror     at andLogAndFinish (/usr/share/npm/lib/fetch-package-metadata.js:31:3)
529 error typeerror     at fetchPackageMetadata (/usr/share/npm/lib/fetch-package-metadata.js:51:22)
529 error typeerror     at resolveWithNewModule (/usr/share/npm/lib/install/deps.js:456:12)
529 error typeerror     at /usr/share/npm/lib/install/deps.js:457:7
529 error typeerror     at /usr/share/npm/node_modules/iferr/index.js:13:50
529 error typeerror     at /usr/share/npm/lib/fetch-package-metadata.js:37:12
529 error typeerror     at addRequestedAndFinish (/usr/share/npm/lib/fetch-package-metadata.js:82:5)
529 error typeerror     at returnAndAddMetadata (/usr/share/npm/lib/fetch-package-metadata.js:117:7)
529 error typeerror     at pickVersionFromRegistryDocument (/usr/share/npm/lib/fetch-package-metadata.js:134:20)
529 error typeerror     at /usr/share/npm/node_modules/iferr/index.js:13:50
530 error typeerror This is an error with npm itself. Please report this error at:
530 error typeerror     <http://github.com/npm/npm/issues>
531 verbose exit [ 1, true ]
